0 info it worked if it ends with ok
1 verbose cli [ 'C:\\Program Files\\nodejs\\node.exe',
1 verbose cli   'C:\\Program Files\\nodejs\\node_modules\\npm\\bin\\npm-cli.js',
1 verbose cli   'run',
1 verbose cli   'deploy' ]
2 info using npm@3.9.5
3 info using node@v6.2.2
4 verbose run-script [ 'predeploy', 'deploy', 'postdeploy' ]
5 info lifecycle trash-panda-buffet@1.0.0~predeploy: trash-panda-buffet@1.0.0
6 silly lifecycle trash-panda-buffet@1.0.0~predeploy: no script for predeploy, continuing
7 info lifecycle trash-panda-buffet@1.0.0~deploy: trash-panda-buffet@1.0.0
8 verbose lifecycle trash-panda-buffet@1.0.0~deploy: unsafe-perm in lifecycle true
9 verbose lifecycle trash-panda-buffet@1.0.0~deploy: PATH: C:\Users\jblayney\AppData\Roaming\nvm\v6.2.2\node_modules\npm\bin\node-gyp-bin;C:\cygwin64\home\jblayney\Projects\trash-panda-buffet\node_modules\.bin;C:\Program Files\nodejs;C:\cygwin64\usr\local\bin;C:\cygwin64\bin;C:\Program Files\AdoptOpenJDK\jdk8u202-b08-jre\bin;C:\Program Files (x86)\AdoptOpenJDK\jdk8u202-b08-jre\bin;C:\Windows\system32;C:\Windows;C:\Windows\System32\Wbem;C:\Windows\System32\WindowsPowerShell\v1.0;C:\Windows\System32\OpenSSH;C:\Program Files\Microsoft VS Code\bin;C:\Program Files\Amazon\AWSCLI\bin;C:\Program Files\Git\cmd;C:\Users\jblayney\AppData\Roaming\nvm;C:\Program Files\nodejs;C:\Users\jblayney\AppData\Local\Microsoft\WindowsApps;C:\Users\jblayney\AppData\Roaming\npm;C:\Users\jblayney\AppData\Local\atom\bin;C:\Users\jblayney\AppData\Roaming\nvm;C:\Program Files\nodejs
10 verbose lifecycle trash-panda-buffet@1.0.0~deploy: CWD: C:\cygwin64\home\jblayney\Projects\trash-panda-buffet
11 silly lifecycle trash-panda-buffet@1.0.0~deploy: Args: [ '/d /s /c',
11 silly lifecycle   'npm run deploy:aws && npm run deploy:client && npm run deploy:data' ]
12 silly lifecycle trash-panda-buffet@1.0.0~deploy: Returned: code: 1  signal: null
13 info lifecycle trash-panda-buffet@1.0.0~deploy: Failed to exec deploy script
14 verbose stack Error: trash-panda-buffet@1.0.0 deploy: `npm run deploy:aws && npm run deploy:client && npm run deploy:data`
14 verbose stack Exit status 1
14 verbose stack     at EventEmitter.<anonymous> (C:\Users\jblayney\AppData\Roaming\nvm\v6.2.2\node_modules\npm\lib\utils\lifecycle.js:245:16)
14 verbose stack     at emitTwo (events.js:106:13)
14 verbose stack     at EventEmitter.emit (events.js:191:7)
14 verbose stack     at ChildProcess.<anonymous> (C:\Users\jblayney\AppData\Roaming\nvm\v6.2.2\node_modules\npm\lib\utils\spawn.js:24:14)
14 verbose stack     at emitTwo (events.js:106:13)
14 verbose stack     at ChildProcess.emit (events.js:191:7)
14 verbose stack     at maybeClose (internal/child_process.js:852:16)
14 verbose stack     at Process.ChildProcess._handle.onexit (internal/child_process.js:215:5)
15 verbose pkgid trash-panda-buffet@1.0.0
16 verbose cwd C:\cygwin64\home\jblayney\Projects\trash-panda-buffet
17 error Windows_NT 10.0.17134
18 error argv "C:\\Program Files\\nodejs\\node.exe" "C:\\Program Files\\nodejs\\node_modules\\npm\\bin\\npm-cli.js" "run" "deploy"
19 error node v6.2.2
20 error npm  v3.9.5
21 error code ELIFECYCLE
22 error trash-panda-buffet@1.0.0 deploy: `npm run deploy:aws && npm run deploy:client && npm run deploy:data`
22 error Exit status 1
23 error Failed at the trash-panda-buffet@1.0.0 deploy script 'npm run deploy:aws && npm run deploy:client && npm run deploy:data'.
23 error Make sure you have the latest version of node.js and npm installed.
23 error If you do, this is most likely a problem with the trash-panda-buffet package,
23 error not with npm itself.
23 error Tell the author that this fails on your system:
23 error     npm run deploy:aws && npm run deploy:client && npm run deploy:data
23 error You can get information on how to open an issue for this project with:
23 error     npm bugs trash-panda-buffet
23 error Or if that isn't available, you can get their info via:
23 error     npm owner ls trash-panda-buffet
23 error There is likely additional logging output above.
24 verbose exit [ 1, true ]
